<?xml version="1.0" encoding="UTF-8"?>
<testng-results skipped="0" failed="0" ignored="0" total="1" passed="1">
  <reporter-output>
  </reporter-output>
  <suite name="Default suite" duration-ms="2408" started-at="2018-09-25T11:24:36Z" finished-at="2018-09-25T11:24:39Z">
    <groups>
    </groups>
    <test name="Default test" duration-ms="2408" started-at="2018-09-25T11:24:36Z" finished-at="2018-09-25T11:24:39Z">
      <class name="getRequest.VerifyAPI">
        <test-method status="PASS" signature="testResponsecode()[pri:0, instance:getRequest.VerifyAPI@4b9e13df]" name="testResponsecode" duration-ms="2378" started-at="2018-09-25T11:24:36Z" finished-at="2018-09-25T11:24:39Z">
          <reporter-output>
          </reporter-output>
        </test-method> <!-- testResponsecode -->
      </class> <!-- getRequest.VerifyAPI -->
    </test> <!-- Default test -->
  </suite> <!-- Default suite -->
</testng-results>
